CRITICAL - 2025-08-16 23:55:56 --> Error: Call to undefined method CodeIgniter\Router\RouteCollection::set500Override()
[Method: GET, Route: /]
in APPPATH\Config\Routes.php on line 78.
 1 SYSTEMPATH\Router\RouteCollection.php(339): require()
 2 SYSTEMPATH\CodeIgniter.php(821): CodeIgniter\Router\RouteCollection->loadRoutes()
 3 SYSTEMPATH\CodeIgniter.php(455): CodeIgniter\CodeIgniter->tryToRouteIt(null)
 4 SYSTEMPATH\CodeIgniter.php(354): CodeIgniter\CodeIgniter->handleRequest(null, Object(Config\Cache), false)
 5 SYSTEMPATH\Boot.php(363): CodeIgniter\CodeIgniter->run()
 6 SYSTEMPATH\Boot.php(68): CodeIgniter\Boot::runCodeIgniter(Object(CodeIgniter\CodeIgniter))
 7 FCPATH\index.php(59): CodeIgniter\Boot::bootWeb(Object(Config\Paths))
CRITICAL - 2025-08-16 23:55:57 --> Error: Call to undefined method CodeIgniter\Router\RouteCollection::set500Override()
[Method: CLI, Route: serve]
in APPPATH\Config\Routes.php on line 78.
 1 SYSTEMPATH\Router\RouteCollection.php(339): require()
 2 SYSTEMPATH\CLI\Console.php(41): CodeIgniter\Router\RouteCollection->loadRoutes()
 3 SYSTEMPATH\Boot.php(388): CodeIgniter\CLI\Console->run()
 4 SYSTEMPATH\Boot.php(133): CodeIgniter\Boot::runCommand(Object(CodeIgniter\CLI\Console))
 5 ROOTPATH\spark(87): CodeIgniter\Boot::bootSpark(Object(Config\Paths))
CRITICAL - 2025-08-16 23:56:49 --> Error: Call to undefined method CodeIgniter\Router\RouteCollection::set500Override()
[Method: CLI, Route: serve]
in APPPATH\Config\Routes.php on line 78.
 1 SYSTEMPATH\Router\RouteCollection.php(339): require()
 2 SYSTEMPATH\CLI\Console.php(41): CodeIgniter\Router\RouteCollection->loadRoutes()
 3 SYSTEMPATH\Boot.php(388): CodeIgniter\CLI\Console->run()
 4 SYSTEMPATH\Boot.php(133): CodeIgniter\Boot::runCommand(Object(CodeIgniter\CLI\Console))
 5 ROOTPATH\spark(87): CodeIgniter\Boot::bootSpark(Object(Config\Paths))
