CRITICAL - 2025-08-17 00:08:30 --> CodeIgniter\View\Exceptions\ViewException: Invalid file: "emplois.php"
[Method: GET, Route: emplois]
in SYSTEMPATH\Exceptions\FrameworkException.php on line 39.
 1 SYSTEMPATH\View\View.php(214): CodeIgniter\Exceptions\FrameworkException::forInvalidFile('emplois.php')
 2 SYSTEMPATH\Common.php(1167): CodeIgniter\View\View->render('emplois', [], true)
 3 APPPATH\Controllers\Home.php(66): view('emplois', [...])
 4 SYSTEMPATH\CodeIgniter.php(933): App\Controllers\Home->emplois()
 5 SYSTEMPATH\CodeIgniter.php(507): CodeIgniter\CodeIgniter->runController(Object(App\Controllers\Home))
 6 SYSTEMPATH\CodeIgniter.php(354): CodeIgniter\CodeIgniter->handleRequest(null, Object(Config\Cache), false)
 7 SYSTEMPATH\Boot.php(363): CodeIgniter\CodeIgniter->run()
 8 SYSTEMPATH\Boot.php(68): CodeIgniter\Boot::runCodeIgniter(Object(CodeIgniter\CodeIgniter))
 9 FCPATH\index.php(59): CodeIgniter\Boot::bootWeb(Object(Config\Paths))
10 SYSTEMPATH\rewrite.php(44): require_once('C:\\xampp\\htdocs\\jobboard\\public\\index.php')
CRITICAL - 2025-08-17 00:09:05 --> CodeIgniter\View\Exceptions\ViewException: Invalid file: "consultants.php"
[Method: GET, Route: consultants]
in SYSTEMPATH\Exceptions\FrameworkException.php on line 39.
 1 SYSTEMPATH\View\View.php(214): CodeIgniter\Exceptions\FrameworkException::forInvalidFile('consultants.php')
 2 SYSTEMPATH\Common.php(1167): CodeIgniter\View\View->render('consultants', [], true)
 3 APPPATH\Controllers\Home.php(75): view('consultants', [...])
 4 SYSTEMPATH\CodeIgniter.php(933): App\Controllers\Home->consultants()
 5 SYSTEMPATH\CodeIgniter.php(507): CodeIgniter\CodeIgniter->runController(Object(App\Controllers\Home))
 6 SYSTEMPATH\CodeIgniter.php(354): CodeIgniter\CodeIgniter->handleRequest(null, Object(Config\Cache), false)
 7 SYSTEMPATH\Boot.php(363): CodeIgniter\CodeIgniter->run()
 8 SYSTEMPATH\Boot.php(68): CodeIgniter\Boot::runCodeIgniter(Object(CodeIgniter\CodeIgniter))
 9 FCPATH\index.php(59): CodeIgniter\Boot::bootWeb(Object(Config\Paths))
10 SYSTEMPATH\rewrite.php(44): require_once('C:\\xampp\\htdocs\\jobboard\\public\\index.php')
CRITICAL - 2025-08-17 00:09:14 --> CodeIgniter\View\Exceptions\ViewException: Invalid file: "mentoring.php"
[Method: GET, Route: mentoring]
in SYSTEMPATH\Exceptions\FrameworkException.php on line 39.
 1 SYSTEMPATH\View\View.php(214): CodeIgniter\Exceptions\FrameworkException::forInvalidFile('mentoring.php')
 2 SYSTEMPATH\Common.php(1167): CodeIgniter\View\View->render('mentoring', [], true)
 3 APPPATH\Controllers\Home.php(84): view('mentoring', [...])
 4 SYSTEMPATH\CodeIgniter.php(933): App\Controllers\Home->mentoring()
 5 SYSTEMPATH\CodeIgniter.php(507): CodeIgniter\CodeIgniter->runController(Object(App\Controllers\Home))
 6 SYSTEMPATH\CodeIgniter.php(354): CodeIgniter\CodeIgniter->handleRequest(null, Object(Config\Cache), false)
 7 SYSTEMPATH\Boot.php(363): CodeIgniter\CodeIgniter->run()
 8 SYSTEMPATH\Boot.php(68): CodeIgniter\Boot::runCodeIgniter(Object(CodeIgniter\CodeIgniter))
 9 FCPATH\index.php(59): CodeIgniter\Boot::bootWeb(Object(Config\Paths))
10 SYSTEMPATH\rewrite.php(44): require_once('C:\\xampp\\htdocs\\jobboard\\public\\index.php')
CRITICAL - 2025-08-17 00:09:20 --> CodeIgniter\View\Exceptions\ViewException: Invalid file: "entreprises.php"
[Method: GET, Route: entreprises]
in SYSTEMPATH\Exceptions\FrameworkException.php on line 39.
 1 SYSTEMPATH\View\View.php(214): CodeIgniter\Exceptions\FrameworkException::forInvalidFile('entreprises.php')
 2 SYSTEMPATH\Common.php(1167): CodeIgniter\View\View->render('entreprises', [], true)
 3 APPPATH\Controllers\Home.php(93): view('entreprises', [...])
 4 SYSTEMPATH\CodeIgniter.php(933): App\Controllers\Home->entreprises()
 5 SYSTEMPATH\CodeIgniter.php(507): CodeIgniter\CodeIgniter->runController(Object(App\Controllers\Home))
 6 SYSTEMPATH\CodeIgniter.php(354): CodeIgniter\CodeIgniter->handleRequest(null, Object(Config\Cache), false)
 7 SYSTEMPATH\Boot.php(363): CodeIgniter\CodeIgniter->run()
 8 SYSTEMPATH\Boot.php(68): CodeIgniter\Boot::runCodeIgniter(Object(CodeIgniter\CodeIgniter))
 9 FCPATH\index.php(59): CodeIgniter\Boot::bootWeb(Object(Config\Paths))
10 SYSTEMPATH\rewrite.php(44): require_once('C:\\xampp\\htdocs\\jobboard\\public\\index.php')
